  Archer.cpp
  Bullet.cpp
  Button.cpp
  Enemy.cpp
C:\Users\Bartek\OneDrive\Dokumenty\PJC_Projekt\VS_projekty\TD_PJC_2\TD_PJC_2\Enemy.cpp(33,13): warning C4244: "inicjowanie": konwersja z "T" do "int", możliwa utrata danych
          with
          [
              T=float
          ]
C:\Users\Bartek\OneDrive\Dokumenty\PJC_Projekt\VS_projekty\TD_PJC_2\TD_PJC_2\Enemy.cpp(34,13): warning C4244: "inicjowanie": konwersja z "T" do "int", możliwa utrata danych
          with
          [
              T=float
          ]
C:\Users\Bartek\OneDrive\Dokumenty\PJC_Projekt\VS_projekty\TD_PJC_2\TD_PJC_2\Enemy.cpp(40,59): warning C4244: "argument": konwersja z "int" do "T", możliwa utrata danych
          with
          [
              T=float
          ]
C:\Users\Bartek\OneDrive\Dokumenty\PJC_Projekt\VS_projekty\TD_PJC_2\TD_PJC_2\Enemy.cpp(40,42): warning C4244: "argument": konwersja z "int" do "T", możliwa utrata danych
          with
          [
              T=float
          ]
C:\Users\Bartek\OneDrive\Dokumenty\PJC_Projekt\VS_projekty\TD_PJC_2\TD_PJC_2\Enemy.cpp(45,59): warning C4244: "argument": konwersja z "int" do "T", możliwa utrata danych
          with
          [
              T=float
          ]
C:\Users\Bartek\OneDrive\Dokumenty\PJC_Projekt\VS_projekty\TD_PJC_2\TD_PJC_2\Enemy.cpp(45,42): warning C4244: "argument": konwersja z "int" do "T", możliwa utrata danych
          with
          [
              T=float
          ]
C:\Users\Bartek\OneDrive\Dokumenty\PJC_Projekt\VS_projekty\TD_PJC_2\TD_PJC_2\Enemy.cpp(50,61): warning C4244: "argument": konwersja z "int" do "T", możliwa utrata danych
          with
          [
              T=float
          ]
C:\Users\Bartek\OneDrive\Dokumenty\PJC_Projekt\VS_projekty\TD_PJC_2\TD_PJC_2\Enemy.cpp(50,38): warning C4244: "argument": konwersja z "int" do "T", możliwa utrata danych
          with
          [
              T=float
          ]
C:\Users\Bartek\OneDrive\Dokumenty\PJC_Projekt\VS_projekty\TD_PJC_2\TD_PJC_2\Enemy.cpp(55,61): warning C4244: "argument": konwersja z "int" do "T", możliwa utrata danych
          with
          [
              T=float
          ]
C:\Users\Bartek\OneDrive\Dokumenty\PJC_Projekt\VS_projekty\TD_PJC_2\TD_PJC_2\Enemy.cpp(55,38): warning C4244: "argument": konwersja z "int" do "T", możliwa utrata danych
          with
          [
              T=float
          ]
C:\Users\Bartek\OneDrive\Dokumenty\PJC_Projekt\VS_projekty\TD_PJC_2\TD_PJC_2\Enemy.cpp(69,26): warning C4244: "+=": konwersja z "double" do "T", możliwa utrata danych
          with
          [
              T=float
          ]
C:\Users\Bartek\OneDrive\Dokumenty\PJC_Projekt\VS_projekty\TD_PJC_2\TD_PJC_2\Enemy.cpp(74,26): warning C4244: "-=": konwersja z "double" do "T", możliwa utrata danych
          with
          [
              T=float
          ]
C:\Users\Bartek\OneDrive\Dokumenty\PJC_Projekt\VS_projekty\TD_PJC_2\TD_PJC_2\Enemy.cpp(79,26): warning C4244: "+=": konwersja z "double" do "T", możliwa utrata danych
          with
          [
              T=float
          ]
C:\Users\Bartek\OneDrive\Dokumenty\PJC_Projekt\VS_projekty\TD_PJC_2\TD_PJC_2\Enemy.cpp(84,26): warning C4244: "-=": konwersja z "double" do "T", możliwa utrata danych
          with
          [
              T=float
          ]
C:\Users\Bartek\OneDrive\Dokumenty\PJC_Projekt\VS_projekty\TD_PJC_2\TD_PJC_2\Enemy.cpp(97,45): warning C4244: "argument": konwersja z "int" do "T", możliwa utrata danych
          with
          [
              T=float
          ]
  Game.cpp
  GameState.cpp
C:\Users\Bartek\OneDrive\Dokumenty\PJC_Projekt\VS_projekty\TD_PJC_2\TD_PJC_2\GameState.cpp(156,27): warning C4267: "inicjowanie": konwersja z "size_t" do "int", możliwa utrata danych
C:\Users\Bartek\OneDrive\Dokumenty\PJC_Projekt\VS_projekty\TD_PJC_2\TD_PJC_2\GameState.cpp(167,28): warning C4267: "inicjowanie": konwersja z "size_t" do "int", możliwa utrata danych
C:\Users\Bartek\OneDrive\Dokumenty\PJC_Projekt\VS_projekty\TD_PJC_2\TD_PJC_2\GameState.cpp(201,27): warning C4267: "inicjowanie": konwersja z "size_t" do "int", możliwa utrata danych
  GArcher.cpp
  GBullet.cpp
  GEnemy.cpp
  GObject.cpp
  GSharpShooter.cpp
  GTower.cpp
  main.cpp
  MainMenu.cpp
  Object.cpp
  SharpShooter.cpp
  State.cpp
  TileMap.cpp
  Tower.cpp
C:\Users\Bartek\OneDrive\Dokumenty\PJC_Projekt\VS_projekty\TD_PJC_2\TD_PJC_2\Tower.cpp(1,10): warning C4067: nieoczekiwane tokeny występujące po dyrektywie preprocesora - oczekiwano nowego wiersza
C:\Users\Bartek\OneDrive\Dokumenty\PJC_Projekt\VS_projekty\TD_PJC_2\TD_PJC_2\Tower.cpp(36,46): warning C4244: "argument": konwersja z "float" do "sf::Int32", możliwa utrata danych
  Trwa generowanie kodu
  Previous IPDB not found, fall back to full compilation.
  All 747 functions were compiled because no usable IPDB/IOBJ from previous compilation was found.
  Zakończono generowanie kodu
  TD_PJC_2.vcxproj -> C:\Users\Bartek\OneDrive\Dokumenty\PJC_Projekt\VS_projekty\TD_PJC_2\x64\Release\TD_PJC_2.exe
