  Archer.cpp
  Bullet.cpp
  Button.cpp
  Enemy.cpp
C:\Users\Bartek\OneDrive\Dokumenty\PJC_Projekt\VS_projekty\TD_PJC_2\TD_PJC_2\Enemy.cpp(50,13): warning C4244: "inicjowanie": konwersja z "T" do "int", możliwa utrata danych
          with
          [
              T=float
          ]
C:\Users\Bartek\OneDrive\Dokumenty\PJC_Projekt\VS_projekty\TD_PJC_2\TD_PJC_2\Enemy.cpp(51,13): warning C4244: "inicjowanie": konwersja z "T" do "int", możliwa utrata danych
          with
          [
              T=float
          ]
C:\Users\Bartek\OneDrive\Dokumenty\PJC_Projekt\VS_projekty\TD_PJC_2\TD_PJC_2\Enemy.cpp(57,59): warning C4244: "argument": konwersja z "int" do "T", możliwa utrata danych
          with
          [
              T=float
          ]
C:\Users\Bartek\OneDrive\Dokumenty\PJC_Projekt\VS_projekty\TD_PJC_2\TD_PJC_2\Enemy.cpp(57,42): warning C4244: "argument": konwersja z "int" do "T", możliwa utrata danych
          with
          [
              T=float
          ]
C:\Users\Bartek\OneDrive\Dokumenty\PJC_Projekt\VS_projekty\TD_PJC_2\TD_PJC_2\Enemy.cpp(62,59): warning C4244: "argument": konwersja z "int" do "T", możliwa utrata danych
          with
          [
              T=float
          ]
C:\Users\Bartek\OneDrive\Dokumenty\PJC_Projekt\VS_projekty\TD_PJC_2\TD_PJC_2\Enemy.cpp(62,42): warning C4244: "argument": konwersja z "int" do "T", możliwa utrata danych
          with
          [
              T=float
          ]
C:\Users\Bartek\OneDrive\Dokumenty\PJC_Projekt\VS_projekty\TD_PJC_2\TD_PJC_2\Enemy.cpp(67,61): warning C4244: "argument": konwersja z "int" do "T", możliwa utrata danych
          with
          [
              T=float
          ]
C:\Users\Bartek\OneDrive\Dokumenty\PJC_Projekt\VS_projekty\TD_PJC_2\TD_PJC_2\Enemy.cpp(67,38): warning C4244: "argument": konwersja z "int" do "T", możliwa utrata danych
          with
          [
              T=float
          ]
C:\Users\Bartek\OneDrive\Dokumenty\PJC_Projekt\VS_projekty\TD_PJC_2\TD_PJC_2\Enemy.cpp(72,61): warning C4244: "argument": konwersja z "int" do "T", możliwa utrata danych
          with
          [
              T=float
          ]
C:\Users\Bartek\OneDrive\Dokumenty\PJC_Projekt\VS_projekty\TD_PJC_2\TD_PJC_2\Enemy.cpp(72,38): warning C4244: "argument": konwersja z "int" do "T", możliwa utrata danych
          with
          [
              T=float
          ]
C:\Users\Bartek\OneDrive\Dokumenty\PJC_Projekt\VS_projekty\TD_PJC_2\TD_PJC_2\Enemy.cpp(86,39): warning C4244: "argument": konwersja z "double" do "float", możliwa utrata danych
C:\Users\Bartek\OneDrive\Dokumenty\PJC_Projekt\VS_projekty\TD_PJC_2\TD_PJC_2\Enemy.cpp(91,39): warning C4244: "argument": konwersja z "double" do "float", możliwa utrata danych
C:\Users\Bartek\OneDrive\Dokumenty\PJC_Projekt\VS_projekty\TD_PJC_2\TD_PJC_2\Enemy.cpp(96,59): warning C4244: "argument": konwersja z "double" do "float", możliwa utrata danych
C:\Users\Bartek\OneDrive\Dokumenty\PJC_Projekt\VS_projekty\TD_PJC_2\TD_PJC_2\Enemy.cpp(101,59): warning C4244: "argument": konwersja z "double" do "float", możliwa utrata danych
C:\Users\Bartek\OneDrive\Dokumenty\PJC_Projekt\VS_projekty\TD_PJC_2\TD_PJC_2\Enemy.cpp(114,35): warning C4244: "argument": konwersja z "int" do "float", możliwa utrata danych
  GTower.cpp
  Game.cpp
  GameState.cpp
C:\Users\Bartek\OneDrive\Dokumenty\PJC_Projekt\VS_projekty\TD_PJC_2\TD_PJC_2\GameState.cpp(156,27): warning C4267: "inicjowanie": konwersja z "size_t" do "int", możliwa utrata danych
C:\Users\Bartek\OneDrive\Dokumenty\PJC_Projekt\VS_projekty\TD_PJC_2\TD_PJC_2\GameState.cpp(167,28): warning C4267: "inicjowanie": konwersja z "size_t" do "int", możliwa utrata danych
C:\Users\Bartek\OneDrive\Dokumenty\PJC_Projekt\VS_projekty\TD_PJC_2\TD_PJC_2\GameState.cpp(201,27): warning C4267: "inicjowanie": konwersja z "size_t" do "int", możliwa utrata danych
  MainMenu.cpp
  Object.cpp
  SharpShooter.cpp
  Tower.cpp
C:\Users\Bartek\OneDrive\Dokumenty\PJC_Projekt\VS_projekty\TD_PJC_2\TD_PJC_2\Tower.cpp(1,10): warning C4067: nieoczekiwane tokeny występujące po dyrektywie preprocesora - oczekiwano nowego wiersza
C:\Users\Bartek\OneDrive\Dokumenty\PJC_Projekt\VS_projekty\TD_PJC_2\TD_PJC_2\Tower.cpp(51,46): warning C4244: "argument": konwersja z "float" do "sf::Int32", możliwa utrata danych
  main.cpp
  Generowanie kodu...
  TD_PJC_2.vcxproj -> C:\Users\Bartek\OneDrive\Dokumenty\PJC_Projekt\VS_projekty\TD_PJC_2\x64\Debug\TD_PJC_2.exe
